<?xml version="1.0" encoding="UTF-8"?>
<!-- Generated by org.testng.reporters.JUnitReportReporter -->
<testsuite hostname="DESKTOP-7HIND4H" failures="0" tests="1" name="com.udemy.base.jdbc" time="6.371" errors="0" timestamp="2022-06-29T17:30:03 IST" skipped="0">
  <testcase classname="com.udemy.base.jdbc" name="dbtest" time="6.371"/>
  <system-out/>
</testsuite> <!-- com.udemy.base.jdbc -->
