<?xml version="1.0" encoding="UTF-8"?>
<!-- Generated by org.testng.reporters.JUnitReportReporter -->
<testsuite hostname="DESKTOP-7HIND4H" failures="0" tests="1" name="testrunner.RunnerRahuloginTestng" time="13.381" errors="0" timestamp="2022-07-11T12:46:33 IST" skipped="0">
  <testcase classname="testrunner.RunnerRahuloginTestng" name="runScenario" time="13.381"/>
  <system-out/>
</testsuite> <!-- testrunner.RunnerRahuloginTestng -->
