<?xml version="1.0" encoding="UTF-8"?>
<!-- Generated by org.testng.reporters.JUnitReportReporter -->
<testsuite hostname="DESKTOP-7HIND4H" failures="0" tests="1" name="com.udemy.utilities.Readconfig" time="0.039" errors="0" timestamp="2022-06-28T11:09:05 IST" skipped="0">
  <testcase classname="com.udemy.utilities.Readconfig" name="readpro" time="0.039"/>
  <system-out/>
</testsuite> <!-- com.udemy.utilities.Readconfig -->
